<?xml version="1.0" encoding="UTF-8"?>
<testng-results ignored="0" total="2" passed="2" failed="0" skipped="0">
  <reporter-output>
    <line>
      <![CDATA[Iniciando la búsqueda para la palabra: Selenium]]>
    </line>
    <line>
      <![CDATA[Texto Obtenido: 'Selenium']]>
    </line>
    <line>
      <![CDATA[Texto Esperado: 'Selenium']]>
    </line>
    <line>
      <![CDATA[La búsqueda fue exitosa: Sí]]>
    </line>
    <line>
      <![CDATA[Iniciando la búsqueda para la palabra: TDD]]>
    </line>
    <line>
      <![CDATA[Texto Obtenido: 'Desarrollo guiado por pruebas']]>
    </line>
    <line>
      <![CDATA[Texto Esperado: 'Desarrollo guiado por pruebas']]>
    </line>
    <line>
      <![CDATA[La búsqueda fue exitosa: Sí]]>
    </line>
  </reporter-output>
  <suite started-at="2024-10-03T21:20:36 ART" name="Suite" finished-at="2024-10-03T21:20:57 ART" duration-ms="21670">
    <groups>
    </groups>
    <test started-at="2024-10-03T21:20:36 ART" name="Test" finished-at="2024-10-03T21:20:57 ART" duration-ms="21670">
      <class name="com.selenium.test.WikiTest">
        <test-method is-config="true" signature="precondiciones(org.testng.ITestContext)[pri:0, instance:com.selenium.test.WikiTest@595b007d]" started-at="2024-10-03T21:20:36 ART" name="precondiciones" finished-at="2024-10-03T21:20:42 ART" duration-ms="6435" status="PASS">
          <params>
            <param index="0">
              <value>
                <![CDATA[org.testng.TestRunner@5fe8b721]]>
              </value>
            </param>
          </params>
          <reporter-output>
          </reporter-output>
        </test-method> <!-- precondiciones -->
        <test-method signature="ValidarBusqueda(java.lang.String,java.lang.String)[pri:0, instance:com.selenium.test.WikiTest@595b007d]" started-at="2024-10-03T21:20:42 ART" name="ValidarBusqueda" description="Validar la búsqueda en Wikipedia" data-provider="datos-búsqueda" finished-at="2024-10-03T21:20:45 ART" duration-ms="3400" status="PASS">
          <params>
            <param index="0">
              <value>
                <![CDATA[Selenium]]>
              </value>
            </param>
            <param index="1">
              <value>
                <![CDATA[Selenium]]>
              </value>
            </param>
          </params>
          <reporter-output>
            <line>
              <![CDATA[Iniciando la búsqueda para la palabra: Selenium]]>
            </line>
            <line>
              <![CDATA[Texto Obtenido: 'Selenium']]>
            </line>
            <line>
              <![CDATA[Texto Esperado: 'Selenium']]>
            </line>
            <line>
              <![CDATA[La búsqueda fue exitosa: Sí]]>
            </line>
          </reporter-output>
        </test-method> <!-- ValidarBusqueda -->
        <test-method is-config="true" signature="postcondiciones()[pri:0, instance:com.selenium.test.WikiTest@595b007d]" started-at="2024-10-03T21:20:45 ART" name="postcondiciones" finished-at="2024-10-03T21:20:47 ART" duration-ms="1448" status="PASS">
          <reporter-output>
          </reporter-output>
        </test-method> <!-- postcondiciones -->
        <test-method is-config="true" signature="precondiciones(org.testng.ITestContext)[pri:0, instance:com.selenium.test.WikiTest@595b007d]" started-at="2024-10-03T21:20:47 ART" name="precondiciones" finished-at="2024-10-03T21:20:53 ART" duration-ms="5883" status="PASS">
          <params>
            <param index="0">
              <value>
                <![CDATA[org.testng.TestRunner@5fe8b721]]>
              </value>
            </param>
          </params>
          <reporter-output>
          </reporter-output>
        </test-method> <!-- precondiciones -->
        <test-method signature="ValidarBusqueda(java.lang.String,java.lang.String)[pri:0, instance:com.selenium.test.WikiTest@595b007d]" started-at="2024-10-03T21:20:53 ART" name="ValidarBusqueda" description="Validar la búsqueda en Wikipedia" data-provider="datos-búsqueda" finished-at="2024-10-03T21:20:56 ART" duration-ms="3149" status="PASS">
          <params>
            <param index="0">
              <value>
                <![CDATA[TDD]]>
              </value>
            </param>
            <param index="1">
              <value>
                <![CDATA[Desarrollo guiado por pruebas]]>
              </value>
            </param>
          </params>
          <reporter-output>
            <line>
              <![CDATA[Iniciando la búsqueda para la palabra: TDD]]>
            </line>
            <line>
              <![CDATA[Texto Obtenido: 'Desarrollo guiado por pruebas']]>
            </line>
            <line>
              <![CDATA[Texto Esperado: 'Desarrollo guiado por pruebas']]>
            </line>
            <line>
              <![CDATA[La búsqueda fue exitosa: Sí]]>
            </line>
          </reporter-output>
        </test-method> <!-- ValidarBusqueda -->
        <test-method is-config="true" signature="postcondiciones()[pri:0, instance:com.selenium.test.WikiTest@595b007d]" started-at="2024-10-03T21:20:56 ART" name="postcondiciones" finished-at="2024-10-03T21:20:57 ART" duration-ms="1287" status="PASS">
          <reporter-output>
          </reporter-output>
        </test-method> <!-- postcondiciones -->
      </class> <!-- com.selenium.test.WikiTest -->
    </test> <!-- Test -->
  </suite> <!-- Suite -->
</testng-results>
