<?xml version="1.0" encoding="UTF-8"?>
<!-- Generated by org.testng.reporters.JUnitReportReporter -->
<testsuite hostname="DESKTOP-RRL37TT" failures="0" tests="2" name="com.selenium.test.WikiTest2" time="12.231" errors="0" timestamp="2024-10-01T08:38:32 ART" skipped="0">
  <testcase classname="com.selenium.test.WikiTest2" name="ValidarLinkEspañol" time="5.106"/>
  <testcase classname="com.selenium.test.WikiTest2" name="validarBusquedaWikipedia" time="7.125"/>
</testsuite> <!-- com.selenium.test.WikiTest2 -->
