<?xml version="1.0" encoding="UTF-8"?>
<!-- Generated by org.testng.reporters.JUnitXMLReporter -->
<testsuite ignored="0" hostname="DESKTOP-RRL37TT" failures="0" tests="3" name="Test" time="23.58" errors="0" timestamp="2024-10-03T20:52:59 ART">
  <testcase classname="com.selenium.test.DemoTest" name="ValidarAdicionCarrito" time="6.617"/>
  <testcase classname="com.selenium.test.DemoTest" name="ValidarLogIn" time="4.337"/>
  <testcase classname="com.selenium.test.DemoTest" name="ValidarLogIn" time="4.392"/>
</testsuite> <!-- Test -->
